  AutoBhop.cpp
C:\Users\alina\source\repos\KhiarWare\khiar-ware\khiar-ware\AutoBhop.cpp(11,21): warning C4244: '=': conversion from 'DWORD' to 'BYTE', possible loss of data
C:\Users\alina\source\repos\KhiarWare\khiar-ware\khiar-ware\MemoryManager.h(46,1): warning C4312: 'type cast': conversion from 'DWORD' to 'LPVOID' of greater size
C:\Users\alina\source\repos\KhiarWare\khiar-ware\khiar-ware\AutoBhop.cpp(19): message : see reference to function template instantiation 'BOOL MemoryManager::write<int>(DWORD,c)' being compiled
          with
          [
              c=int
          ]
  Logger.cpp
  MemoryManager.cpp
C:\Users\alina\source\repos\KhiarWare\khiar-ware\khiar-ware\MemoryManager.cpp(95,60): warning C4311: 'type cast': pointer truncation from 'BYTE *' to 'DWORD'
C:\Users\alina\source\repos\KhiarWare\khiar-ware\khiar-ware\MemoryManager.cpp(95,60): warning C4302: 'type cast': truncation from 'BYTE *' to 'DWORD'
C:\Users\alina\source\repos\KhiarWare\khiar-ware\khiar-ware\MemoryManager.cpp(96,60): warning C4311: 'type cast': pointer truncation from 'BYTE *' to 'DWORD'
C:\Users\alina\source\repos\KhiarWare\khiar-ware\khiar-ware\MemoryManager.cpp(96,60): warning C4302: 'type cast': truncation from 'BYTE *' to 'DWORD'
  Radar.cpp
C:\Users\alina\source\repos\KhiarWare\khiar-ware\khiar-ware\MemoryManager.h(46,1): warning C4312: 'type cast': conversion from 'DWORD' to 'LPVOID' of greater size
C:\Users\alina\source\repos\KhiarWare\khiar-ware\khiar-ware\Radar.cpp(18): message : see reference to function template instantiation 'BOOL MemoryManager::write<bool>(DWORD,c)' being compiled
          with
          [
              c=bool
          ]
  ScriptBot.cpp
C:\Users\alina\source\repos\KhiarWare\khiar-ware\khiar-ware\MemoryManager.h(40,1): warning C4312: 'type cast': conversion from 'DWORD' to 'LPVOID' of greater size
C:\Users\alina\source\repos\KhiarWare\khiar-ware\khiar-ware\ScriptBot.cpp(28): message : see reference to function template instantiation 'c MemoryManager::read<bool>(DWORD)' being compiled
          with
          [
              c=bool
          ]
  SimpleGlow.cpp
C:\Users\alina\source\repos\KhiarWare\khiar-ware\khiar-ware\SimpleGlow.cpp(41,25): warning C4244: '=': conversion from 'double' to 'float', possible loss of data
C:\Users\alina\source\repos\KhiarWare\khiar-ware\khiar-ware\SimpleGlow.cpp(42,31): warning C4244: '=': conversion from 'double' to 'float', possible loss of data
C:\Users\alina\source\repos\KhiarWare\khiar-ware\khiar-ware\MemoryManager.h(40,1): warning C4312: 'type cast': conversion from 'DWORD' to 'LPVOID' of greater size
C:\Users\alina\source\repos\KhiarWare\khiar-ware\khiar-ware\SimpleGlow.cpp(37): message : see reference to function template instantiation 'c MemoryManager::read<SimpleGlow::Glow_Struct>(DWORD)' being compiled
          with
          [
              c=SimpleGlow::Glow_Struct
          ]
C:\Users\alina\source\repos\KhiarWare\khiar-ware\khiar-ware\MemoryManager.h(46,1): warning C4312: 'type cast': conversion from 'DWORD' to 'LPVOID' of greater size
C:\Users\alina\source\repos\KhiarWare\khiar-ware\khiar-ware\SimpleGlow.cpp(45): message : see reference to function template instantiation 'BOOL MemoryManager::write<SimpleGlow::Glow_Struct>(DWORD,c)' being compiled
          with
          [
              c=SimpleGlow::Glow_Struct
          ]
  Source.cpp
C:\Users\alina\source\repos\KhiarWare\khiar-ware\khiar-ware\Source.cpp(42,12): warning C4244: 'argument': conversion from 'time_t' to 'unsigned int', possible loss of data
C:\Users\alina\source\repos\KhiarWare\khiar-ware\khiar-ware\MemoryManager.h(40,1): warning C4312: 'type cast': conversion from 'DWORD' to 'LPVOID' of greater size
C:\Users\alina\source\repos\KhiarWare\khiar-ware\khiar-ware\Source.cpp(48): message : see reference to function template instantiation 'c MemoryManager::read<DWORD>(DWORD)' being compiled
          with
          [
              c=DWORD
          ]
  TriggerBot.cpp
  Generating Code...
  khiar-ware.vcxproj -> C:\Users\alina\source\repos\KhiarWare\khiar-ware\x64\Debug\khiar-ware.exe
